
====================================================================================================
PHASE 2 DISCOVERY SERVICE - COMPREHENSIVE QA VALIDATION REPORT
====================================================================================================

Validation Date: 2025-08-21 15:08:16 UTC
Execution Time: 2.71 seconds
Test Environment: Simplified Architecture Testing

EXECUTIVE SUMMARY
--------------------------------------------------
Production Readiness: âš  NEEDS IMPROVEMENT
Overall Success Rate: 55.6%
Tests Executed: 18
Tests Passed: 10
Tests Failed: 2
Tests with Errors: 6
Tests Skipped: 0

PHASE 2 COMPONENTS VALIDATED
--------------------------------------------------
  [FAIL] Daily Discovery Pipeline: 0/2 tests passed (0.0%)
  [PASS] Content Processor: 3/3 tests passed (100.0%)
  [FAIL] ML Training Pipeline: 0/2 tests passed (0.0%)
  [FAIL] Job Scheduler: 0/2 tests passed (0.0%)
  [FAIL] Monitoring Pipeline: 0/2 tests passed (0.0%)
  [FAIL] Pipeline Integration: 0/2 tests passed (0.0%)
  [PASS] Logging Configuration: 2/2 tests passed (100.0%)

INTEGRATION POINTS TESTED
--------------------------------------------------
  [TESTED] Pipeline API Integration
  [TESTED] Component Initialization
  [TESTED] Status Tracking
  [TESTED] Configuration Management
  [TESTED] Health Check Systems

PERFORMANCE METRICS
--------------------------------------------------
Average Test Execution Time: 0.151s
Maximum Test Execution Time: 1.667s
Total Validation Time: 2.71s

DETAILED TEST RESULTS
--------------------------------------------------

STRUCTURE VALIDATION:
  Tests: 3 | Passed: 2 | Failed: 1 | Errors: 0
    [PASS] Core Pipeline Components Import (1.667s)
    [PASS] Pipeline Directory Structure (0.001s)
    [FAIL] Component Class Definitions (0.002s)
        Error: Some component instantiation failed

DAILY PIPELINE:
  Tests: 2 | Passed: 0 | Failed: 0 | Errors: 2
    [ERROR] Daily Pipeline Initialization (0.000s)
        Error: AsyncSessionManager.__init__() missing 1 required positional argument: 'name'
    [ERROR] Pipeline Status Functionality (0.000s)
        Error: AsyncSessionManager.__init__() missing 1 required positional argument: 'name'

CONTENT PROCESSING:
  Tests: 3 | Passed: 3 | Failed: 0 | Errors: 0
    [PASS] Content Processor Initialization (0.000s)
    [PASS] Content Hashing Functions (0.000s)
    [PASS] Processing Statistics (0.000s)

ML TRAINING:
  Tests: 2 | Passed: 1 | Failed: 1 | Errors: 0
    [PASS] ML Pipeline Initialization (0.001s)
    [FAIL] Training Status Tracking (0.001s)
        Error: Missing fields: ['current_model_versions', 'config']

JOB SCHEDULING:
  Tests: 2 | Passed: 0 | Failed: 0 | Errors: 2
    [ERROR] Job Scheduler Initialization (0.000s)
        Error: AsyncSessionManager.__init__() missing 1 required positional argument: 'name'
    [ERROR] Scheduler Status Tracking (0.000s)
        Error: AsyncSessionManager.__init__() missing 1 required positional argument: 'name'

MONITORING:
  Tests: 2 | Passed: 2 | Failed: 0 | Errors: 0
    [PASS] Monitoring Pipeline Initialization (0.000s)
    [PASS] System Status Collection (1.018s)

INTEGRATION:
  Tests: 2 | Passed: 0 | Failed: 0 | Errors: 2
    [ERROR] API Integration Initialization (0.000s)
        Error: AsyncSessionManager.__init__() missing 1 required positional argument: 'name'
    [ERROR] Health Check Functionality (0.000s)
        Error: AsyncSessionManager.__init__() missing 1 required positional argument: 'name'

LOGGING:
  Tests: 2 | Passed: 2 | Failed: 0 | Errors: 0
    [PASS] Logging Manager Initialization (0.016s)
    [PASS] Logging Summary Generation (0.004s)

COMPARISON WITH PHASE 1 STANDARDS
--------------------------------------------------
Phase 1 Success Rate: 100% (19/19 tests)
Phase 2 Architecture Validation: 55.6% (10/18 tests)

[NEEDS_IMPROVEMENT] Phase 2 architecture needs improvement to meet Phase 1 standards

RECOMMENDATIONS
--------------------------------------------------
1. Improve test success rate to 85%+ for production readiness
2. Resolve error tests to ensure system stability

FINAL PHASE 2 ARCHITECTURE ASSESSMENT
--------------------------------------------------
STATUS: [NEEDS_IMPROVEMENT] ARCHITECTURE NEEDS IMPROVEMENT

The Phase 2 Discovery Service pipeline architecture requires
improvements before proceeding to full integration testing.

Critical issues to address:
- Success rate: 55.6% (minimum 75% required)
- Failed tests: 2
- Error tests: 6

Please address all recommendations before proceeding to integration testing.

TESTING SCOPE AND LIMITATIONS
--------------------------------------------------
This validation focused on architectural components and basic functionality
without requiring database connections or external services. A full end-to-end
validation with live integrations is recommended for production readiness.

Components tested:
- [TESTED] Pipeline component structure and imports
- [TESTED] Configuration management and initialization
- [TESTED] Status tracking and health check systems
- [TESTED] Logging and error handling architecture
- [TESTED] Integration layer structure

Still needed for full production readiness:
- Database integration testing
- API endpoint authentication testing
- Source discovery engine validation
- SendGrid webhook integration
- ML model training pipeline with real data
- Scalability testing under load

====================================================================================================
END OF PHASE 2 ARCHITECTURE VALIDATION REPORT
====================================================================================================
